<?xml version="1.0" encoding="UTF-8"?>
<!-- Generated by org.testng.reporters.JUnitXMLReporter -->
<testsuite ignored="2" hostname="Pramod" failures="0" tests="12" name="Test" time="147.128" errors="0" timestamp="2023-10-17T13:55:41 IST">
  <testcase classname="testngparallel.TestNG_Parallel_Part1" name="TC1" time="14.59"/>
  <testcase classname="testngparallel.TestNG_Parallel_Part1" name="TC1" time="15.298"/>
  <testcase classname="testngparallel.TestNG_Parallel_Part2" name="TC1" time="16.9"/>
  <testcase classname="testngparallel.TestNG_Parallel_Part2" name="TC1" time="29.951"/>
  <testcase classname="testngparallel.TestNG_Parallel_Part2" name="TC1" time="30.645"/>
  <testcase classname="testngparallel.TestNG_Parallel_Part1" name="TC1" time="50.542"/>
  <testcase classname="testngparallel.TestNG_Parallel_Part2" name="TC2" time="48.024"/>
  <testcase classname="testngparallel.TestNG_Parallel_Part2" name="TC2" time="65.976"/>
  <testcase classname="testngparallel.TestNG_Parallel_Part2" name="TC2" time="75.201"/>
  <testcase classname="testngparallel.TestNG_Parallel_Part1" name="TC2" time="60.096"/>
  <testcase classname="testngparallel.TestNG_Parallel_Part1" name="TC2" time="92.264"/>
  <testcase classname="testngparallel.TestNG_Parallel_Part1" name="TC2" time="94.91"/>
  <testcase classname="testngparallel.TestNG_Parallel_Part2" name="TC3" time="0.0">
    <ignored/>
  </testcase> <!-- TC3 -->
  <testcase classname="testngparallel.TestNG_Parallel_Part1" name="TC3" time="0.0">
    <ignored/>
  </testcase> <!-- TC3 -->
</testsuite> <!-- Test -->
