<?xml version="1.0" encoding="UTF-8"?>
<testng-results ignored="0" total="1" passed="1" failed="0" skipped="0">
  <reporter-output>
  </reporter-output>
  <suite started-at="2024-01-14T12:02:53 IST" name="Default suite" finished-at="2024-01-14T12:02:59 IST" duration-ms="6248">
    <groups>
    </groups>
    <test started-at="2024-01-14T12:02:53 IST" name="Default test" finished-at="2024-01-14T12:02:59 IST" duration-ms="6248">
      <class name="Testing.Dropdown">
        <test-method is-config="true" signature="setup()[pri:0, instance:Testing.Dropdown@765d7657]" started-at="2024-01-14T12:02:53 IST" name="setup" finished-at="2024-01-14T12:02:58 IST" duration-ms="5216" status="PASS">
          <reporter-output>
          </reporter-output>
        </test-method> <!-- setup -->
        <test-method signature="dropdown()[pri:0, instance:Testing.Dropdown@765d7657]" started-at="2024-01-14T12:02:58 IST" name="dropdown" finished-at="2024-01-14T12:02:59 IST" duration-ms="1002" status="PASS">
          <reporter-output>
          </reporter-output>
        </test-method> <!-- dropdown -->
      </class> <!-- Testing.Dropdown -->
    </test> <!-- Default test -->
  </suite> <!-- Default suite -->
</testng-results>
